{"C:\\Users\\boubk\\Desktop\\My_Work\\My_content\\DevOps\\microservices-k8s-advanced\\microservices-k8s-platform\\services\\api-gateway\\src\\app.js": {"path":"C:\\Users\\boubk\\Desktop\\My_Work\\My_content\\DevOps\\microservices-k8s-advanced\\microservices-k8s-platform\\services\\api-gateway\\src\\app.js","statementMap":{"0":{"start":{"line":1,"column":16},"end":{"line":1,"column":34}},"1":{"start":{"line":2,"column":15},"end":{"line":2,"column":32}},"2":{"start":{"line":3,"column":15},"end":{"line":3,"column":34}},"3":{"start":{"line":4,"column":15},"end":{"line":4,"column":45}},"4":{"start":{"line":5,"column":20},"end":{"line":5,"column":55}},"5":{"start":{"line":6,"column":19},"end":{"line":6,"column":49}},"6":{"start":{"line":7,"column":22},"end":{"line":7,"column":55}},"7":{"start":{"line":9,"column":12},"end":{"line":9,"column":21}},"8":{"start":{"line":12,"column":0},"end":{"line":12,"column":17}},"9":{"start":{"line":14,"column":0},"end":{"line":14,"column":20}},"10":{"start":{"line":17,"column":0},"end":{"line":17,"column":15}},"11":{"start":{"line":20,"column":0},"end":{"line":20,"column":23}},"12":{"start":{"line":21,"column":0},"end":{"line":21,"column":47}},"13":{"start":{"line":24,"column":0},"end":{"line":26,"column":2}},"14":{"start":{"line":25,"column":2},"end":{"line":25,"column":89}},"15":{"start":{"line":29,"column":0},"end":{"line":31,"column":2}},"16":{"start":{"line":30,"column":2},"end":{"line":30,"column":85}},"17":{"start":{"line":34,"column":0},"end":{"line":34,"column":33}},"18":{"start":{"line":35,"column":0},"end":{"line":35,"column":30}},"19":{"start":{"line":38,"column":0},"end":{"line":43,"column":2}},"20":{"start":{"line":39,"column":2},"end":{"line":42,"column":4}},"21":{"start":{"line":46,"column":0},"end":{"line":54,"column":2}},"22":{"start":{"line":47,"column":2},"end":{"line":47,"column":48}},"23":{"start":{"line":48,"column":2},"end":{"line":53,"column":4}},"24":{"start":{"line":56,"column":0},"end":{"line":56,"column":20}}},"fnMap":{"0":{"name":"(anonymous_0)","decl":{"start":{"line":24,"column":19},"end":{"line":24,"column":20}},"loc":{"start":{"line":24,"column":33},"end":{"line":26,"column":1}},"line":24},"1":{"name":"(anonymous_1)","decl":{"start":{"line":29,"column":20},"end":{"line":29,"column":21}},"loc":{"start":{"line":29,"column":34},"end":{"line":31,"column":1}},"line":29},"2":{"name":"(anonymous_2)","decl":{"start":{"line":38,"column":8},"end":{"line":38,"column":9}},"loc":{"start":{"line":38,"column":22},"end":{"line":43,"column":1}},"line":38},"3":{"name":"(anonymous_3)","decl":{"start":{"line":46,"column":8},"end":{"line":46,"column":9}},"loc":{"start":{"line":46,"column":33},"end":{"line":54,"column":1}},"line":46}},"branchMap":{"0":{"loc":{"start":{"line":50,"column":13},"end":{"line":52,"column":19}},"type":"cond-expr","locations":[{"start":{"line":51,"column":8},"end":{"line":51,"column":31}},{"start":{"line":52,"column":8},"end":{"line":52,"column":19}}],"line":50}},"s":{"0":1,"1":1,"2":1,"3":1,"4":1,"5":1,"6":1,"7":1,"8":1,"9":1,"10":1,"11":1,"12":1,"13":1,"14":1,"15":1,"16":1,"17":1,"18":1,"19":1,"20":1,"21":1,"22":0,"23":0,"24":1},"f":{"0":1,"1":1,"2":1,"3":0},"b":{"0":[0,0]},"_coverageSchema":"1a1c01bbd47fc00a2c39e90264f33305004495a9","hash":"bfaac81629587abdaa17aabfbfda7de8f8098ce3"}
,"C:\\Users\\boubk\\Desktop\\My_Work\\My_content\\DevOps\\microservices-k8s-advanced\\microservices-k8s-platform\\services\\api-gateway\\src\\config\\index.js": {"path":"C:\\Users\\boubk\\Desktop\\My_Work\\My_content\\DevOps\\microservices-k8s-advanced\\microservices-k8s-platform\\services\\api-gateway\\src\\config\\index.js","statementMap":{"0":{"start":{"line":1,"column":0},"end":{"line":1,"column":26}},"1":{"start":{"line":3,"column":0},"end":{"line":21,"column":1}}},"fnMap":{},"branchMap":{"0":{"loc":{"start":{"line":4,"column":8},"end":{"line":4,"column":32}},"type":"binary-expr","locations":[{"start":{"line":4,"column":8},"end":{"line":4,"column":24}},{"start":{"line":4,"column":28},"end":{"line":4,"column":32}}],"line":4},"1":{"loc":{"start":{"line":5,"column":11},"end":{"line":5,"column":48}},"type":"binary-expr","locations":[{"start":{"line":5,"column":11},"end":{"line":5,"column":31}},{"start":{"line":5,"column":35},"end":{"line":5,"column":48}}],"line":5},"2":{"loc":{"start":{"line":8,"column":17},"end":{"line":8,"column":75}},"type":"binary-expr","locations":[{"start":{"line":8,"column":17},"end":{"line":8,"column":45}},{"start":{"line":8,"column":49},"end":{"line":8,"column":75}}],"line":8},"3":{"loc":{"start":{"line":9,"column":20},"end":{"line":9,"column":84}},"type":"binary-expr","locations":[{"start":{"line":9,"column":20},"end":{"line":9,"column":51}},{"start":{"line":9,"column":55},"end":{"line":9,"column":84}}],"line":9},"4":{"loc":{"start":{"line":13,"column":12},"end":{"line":13,"column":71}},"type":"binary-expr","locations":[{"start":{"line":13,"column":12},"end":{"line":13,"column":34}},{"start":{"line":13,"column":38},"end":{"line":13,"column":71}}],"line":13},"5":{"loc":{"start":{"line":14,"column":15},"end":{"line":14,"column":50}},"type":"binary-expr","locations":[{"start":{"line":14,"column":15},"end":{"line":14,"column":41}},{"start":{"line":14,"column":45},"end":{"line":14,"column":50}}],"line":14},"6":{"loc":{"start":{"line":19,"column":9},"end":{"line":19,"column":42}},"type":"binary-expr","locations":[{"start":{"line":19,"column":9},"end":{"line":19,"column":35}},{"start":{"line":19,"column":39},"end":{"line":19,"column":42}}],"line":19}},"s":{"0":1,"1":1},"f":{},"b":{"0":[1,0],"1":[1,0],"2":[1,0],"3":[1,0],"4":[1,0],"5":[1,0],"6":[1,0]},"_coverageSchema":"1a1c01bbd47fc00a2c39e90264f33305004495a9","hash":"936313d0c885fa8f0a6ad3b8b3e4089fb8d0443d"}
,"C:\\Users\\boubk\\Desktop\\My_Work\\My_content\\DevOps\\microservices-k8s-advanced\\microservices-k8s-platform\\services\\api-gateway\\src\\middleware\\auth.js": {"path":"C:\\Users\\boubk\\Desktop\\My_Work\\My_content\\DevOps\\microservices-k8s-advanced\\microservices-k8s-platform\\services\\api-gateway\\src\\middleware\\auth.js","statementMap":{"0":{"start":{"line":1,"column":12},"end":{"line":1,"column":35}},"1":{"start":{"line":2,"column":15},"end":{"line":2,"column":35}},"2":{"start":{"line":4,"column":13},"end":{"line":25,"column":1}},"3":{"start":{"line":5,"column":21},"end":{"line":5,"column":49}},"4":{"start":{"line":6,"column":16},"end":{"line":6,"column":54}},"5":{"start":{"line":8,"column":2},"end":{"line":13,"column":3}},"6":{"start":{"line":9,"column":4},"end":{"line":12,"column":6}},"7":{"start":{"line":15,"column":2},"end":{"line":24,"column":3}},"8":{"start":{"line":16,"column":20},"end":{"line":16,"column":56}},"9":{"start":{"line":17,"column":4},"end":{"line":17,"column":22}},"10":{"start":{"line":18,"column":4},"end":{"line":18,"column":10}},"11":{"start":{"line":20,"column":4},"end":{"line":23,"column":6}},"12":{"start":{"line":27,"column":0},"end":{"line":27,"column":21}}},"fnMap":{"0":{"name":"(anonymous_0)","decl":{"start":{"line":4,"column":13},"end":{"line":4,"column":14}},"loc":{"start":{"line":4,"column":33},"end":{"line":25,"column":1}},"line":4}},"branchMap":{"0":{"loc":{"start":{"line":6,"column":16},"end":{"line":6,"column":54}},"type":"binary-expr","locations":[{"start":{"line":6,"column":16},"end":{"line":6,"column":26}},{"start":{"line":6,"column":30},"end":{"line":6,"column":54}}],"line":6},"1":{"loc":{"start":{"line":8,"column":2},"end":{"line":13,"column":3}},"type":"if","locations":[{"start":{"line":8,"column":2},"end":{"line":13,"column":3}},{"start":{},"end":{}}],"line":8}},"s":{"0":1,"1":1,"2":1,"3":1,"4":1,"5":1,"6":1,"7":0,"8":0,"9":0,"10":0,"11":0,"12":1},"f":{"0":1},"b":{"0":[1,0],"1":[1,0]},"_coverageSchema":"1a1c01bbd47fc00a2c39e90264f33305004495a9","hash":"c49a69653c3bc460806be4d947f3598b6fcaa093"}
,"C:\\Users\\boubk\\Desktop\\My_Work\\My_content\\DevOps\\microservices-k8s-advanced\\microservices-k8s-platform\\services\\api-gateway\\src\\middleware\\logger.js": {"path":"C:\\Users\\boubk\\Desktop\\My_Work\\My_content\\DevOps\\microservices-k8s-advanced\\microservices-k8s-platform\\services\\api-gateway\\src\\middleware\\logger.js","statementMap":{"0":{"start":{"line":1,"column":15},"end":{"line":1,"column":32}},"1":{"start":{"line":3,"column":15},"end":{"line":5,"column":9}},"2":{"start":{"line":7,"column":0},"end":{"line":7,"column":31}}},"fnMap":{},"branchMap":{"0":{"loc":{"start":{"line":3,"column":15},"end":{"line":5,"column":9}},"type":"cond-expr","locations":[{"start":{"line":4,"column":4},"end":{"line":4,"column":14}},{"start":{"line":5,"column":4},"end":{"line":5,"column":9}}],"line":3}},"s":{"0":1,"1":1,"2":1},"f":{},"b":{"0":[0,1]},"_coverageSchema":"1a1c01bbd47fc00a2c39e90264f33305004495a9","hash":"19fefc4596114439434324d5712fceab8ded9ae1"}
,"C:\\Users\\boubk\\Desktop\\My_Work\\My_content\\DevOps\\microservices-k8s-advanced\\microservices-k8s-platform\\services\\api-gateway\\src\\middleware\\rateLimiter.js": {"path":"C:\\Users\\boubk\\Desktop\\My_Work\\My_content\\DevOps\\microservices-k8s-advanced\\microservices-k8s-platform\\services\\api-gateway\\src\\middleware\\rateLimiter.js","statementMap":{"0":{"start":{"line":1,"column":18},"end":{"line":1,"column":47}},"1":{"start":{"line":2,"column":15},"end":{"line":2,"column":35}},"2":{"start":{"line":4,"column":16},"end":{"line":13,"column":2}},"3":{"start":{"line":15,"column":0},"end":{"line":15,"column":24}}},"fnMap":{},"branchMap":{},"s":{"0":1,"1":1,"2":1,"3":1},"f":{},"b":{},"_coverageSchema":"1a1c01bbd47fc00a2c39e90264f33305004495a9","hash":"1620ae424c401ea01d1eff84b38062edc24adfe2"}
,"C:\\Users\\boubk\\Desktop\\My_Work\\My_content\\DevOps\\microservices-k8s-advanced\\microservices-k8s-platform\\services\\api-gateway\\src\\routes\\productRoutes.js": {"path":"C:\\Users\\boubk\\Desktop\\My_Work\\My_content\\DevOps\\microservices-k8s-advanced\\microservices-k8s-platform\\services\\api-gateway\\src\\routes\\productRoutes.js","statementMap":{"0":{"start":{"line":1,"column":19},"end":{"line":1,"column":37}},"1":{"start":{"line":2,"column":34},"end":{"line":2,"column":66}},"2":{"start":{"line":3,"column":15},"end":{"line":3,"column":35}},"3":{"start":{"line":5,"column":15},"end":{"line":5,"column":23}},"4":{"start":{"line":7,"column":21},"end":{"line":19,"column":2}},"5":{"start":{"line":12,"column":6},"end":{"line":12,"column":64}},"6":{"start":{"line":13,"column":6},"end":{"line":16,"column":8}},"7":{"start":{"line":22,"column":0},"end":{"line":22,"column":37}},"8":{"start":{"line":23,"column":0},"end":{"line":23,"column":41}},"9":{"start":{"line":24,"column":0},"end":{"line":24,"column":38}},"10":{"start":{"line":25,"column":0},"end":{"line":25,"column":41}},"11":{"start":{"line":26,"column":0},"end":{"line":26,"column":44}},"12":{"start":{"line":29,"column":0},"end":{"line":29,"column":35}},"13":{"start":{"line":30,"column":0},"end":{"line":30,"column":39}},"14":{"start":{"line":31,"column":0},"end":{"line":31,"column":36}},"15":{"start":{"line":32,"column":0},"end":{"line":32,"column":39}},"16":{"start":{"line":34,"column":0},"end":{"line":34,"column":23}}},"fnMap":{"0":{"name":"(anonymous_0)","decl":{"start":{"line":11,"column":11},"end":{"line":11,"column":12}},"loc":{"start":{"line":11,"column":30},"end":{"line":17,"column":5}},"line":11}},"branchMap":{},"s":{"0":1,"1":1,"2":1,"3":1,"4":1,"5":0,"6":0,"7":1,"8":1,"9":1,"10":1,"11":1,"12":1,"13":1,"14":1,"15":1,"16":1},"f":{"0":0},"b":{},"_coverageSchema":"1a1c01bbd47fc00a2c39e90264f33305004495a9","hash":"ed177cdea990cb2c9b2df32f509f8dbe85619e1f"}
,"C:\\Users\\boubk\\Desktop\\My_Work\\My_content\\DevOps\\microservices-k8s-advanced\\microservices-k8s-platform\\services\\api-gateway\\src\\routes\\userRoutes.js": {"path":"C:\\Users\\boubk\\Desktop\\My_Work\\My_content\\DevOps\\microservices-k8s-advanced\\microservices-k8s-platform\\services\\api-gateway\\src\\routes\\userRoutes.js","statementMap":{"0":{"start":{"line":1,"column":19},"end":{"line":1,"column":37}},"1":{"start":{"line":2,"column":34},"end":{"line":2,"column":66}},"2":{"start":{"line":3,"column":15},"end":{"line":3,"column":35}},"3":{"start":{"line":4,"column":13},"end":{"line":4,"column":42}},"4":{"start":{"line":6,"column":15},"end":{"line":6,"column":23}},"5":{"start":{"line":8,"column":18},"end":{"line":20,"column":2}},"6":{"start":{"line":13,"column":6},"end":{"line":13,"column":61}},"7":{"start":{"line":14,"column":6},"end":{"line":17,"column":8}},"8":{"start":{"line":23,"column":0},"end":{"line":23,"column":35}},"9":{"start":{"line":24,"column":0},"end":{"line":24,"column":32}},"10":{"start":{"line":27,"column":0},"end":{"line":27,"column":32}},"11":{"start":{"line":28,"column":0},"end":{"line":28,"column":35}},"12":{"start":{"line":29,"column":0},"end":{"line":29,"column":35}},"13":{"start":{"line":30,"column":0},"end":{"line":30,"column":38}},"14":{"start":{"line":32,"column":0},"end":{"line":32,"column":23}}},"fnMap":{"0":{"name":"(anonymous_0)","decl":{"start":{"line":12,"column":11},"end":{"line":12,"column":12}},"loc":{"start":{"line":12,"column":30},"end":{"line":18,"column":5}},"line":12}},"branchMap":{},"s":{"0":1,"1":1,"2":1,"3":1,"4":1,"5":1,"6":0,"7":0,"8":1,"9":1,"10":1,"11":1,"12":1,"13":1,"14":1},"f":{"0":0},"b":{},"_coverageSchema":"1a1c01bbd47fc00a2c39e90264f33305004495a9","hash":"12f451c7baba6d6d3888c8e6e83b8b43d47fb3f6"}
}
